<?xml version="1.0" encoding="UTF-8"?>
<!-- Generated by org.testng.reporters.JUnitXMLReporter -->
<testsuite ignored="0" hostname="NANI" failures="0" tests="3" name="Default test" time="13.006" errors="0" timestamp="2024-09-24T10:09:51 IST">
  <testcase classname="PageObjectModel.LoginPageTest" name="validateUrl" time="0.042"/>
  <testcase classname="PageObjectModel.LoginPageTest" name="validateTitle" time="0.03"/>
  <testcase classname="PageObjectModel.LoginPageTest" name="validateLogin" time="3.71"/>
</testsuite> <!-- Default test -->
